[2025-06-28T12:54:52.640Z] GET /api/auth/register - 0ms
[2025-06-28T12:55:11.067Z] GET /api/auth/register - 0ms
[2025-06-28T12:55:39.305Z] GET /api/auth/register - 0ms
[2025-06-28T12:56:10.052Z] GET /api/auth/register - 0ms
[2025-06-28T12:56:26.790Z] GET /api/auth/register - 0ms
[2025-06-28T12:56:34.651Z] GET /api/auth/register - 0ms
[2025-06-28T12:57:34.932Z] GET /api/auth/register - 0ms
[2025-06-28T12:57:48.096Z] GET /api/auth/register - 0ms
[2025-06-28T12:58:38.913Z] GET /api/auth/register - 0ms
[2025-06-28T12:58:44.502Z] GET /api/auth/register - 0ms
[2025-06-28T13:00:53.418Z] GET /api/auth/logout - 0ms
[2025-06-28T13:03:00.648Z] GET /api/auth/login - 0ms
[2025-06-28T13:03:47.380Z] GET /api/auth/login - 0ms
[2025-06-28T13:03:53.290Z] GET /api/auth/login - 0ms
[2025-06-28T13:04:01.159Z] GET /api/auth/login - 0ms
[2025-06-28T13:04:08.170Z] GET /api/auth/login - 0ms
[2025-06-28T13:04:35.700Z] GET /api/auth/login - 0ms
[2025-06-28T13:04:52.978Z] GET /api/auth/login - 0ms
[2025-06-28T13:05:08.303Z] POST /api/auth/login - 0ms
[2025-06-28T13:06:16.787Z] POST /api/auth/login - 0ms
[2025-06-28T13:06:42.848Z] POST /api/auth/login - 0ms
[2025-06-28T13:07:52.890Z] POST /api/auth/login - 0ms
[2025-06-28T13:08:10.656Z] GET /api/auth/logout - 0ms
[2025-06-28T13:08:16.844Z] GET /api/auth/logout - 0ms
[2025-06-28T13:20:43.646Z] POST /api/auth/login - 0ms
[2025-06-28T13:23:12.624Z] POST /api/auth/login - 0ms
[2025-06-28T13:23:45.851Z] POST /api/auth/login - 0ms
[2025-06-28T13:24:14.434Z] POST /api/auth/login - 0ms
[2025-06-28T13:26:59.414Z] POST /api/auth/login - 1ms
[2025-06-28T13:29:23.656Z] POST /api/auth/login - 0ms
[2025-06-28T13:34:35.365Z] POST /api/auth/login - 0ms
[2025-06-28T13:35:25.994Z] GET /api/auth/logout - 0ms
[2025-06-28T13:36:37.072Z] POST /api/auth/login - 0ms
[2025-06-28T13:44:46.063Z] GET /api/auth/login - 0ms
[2025-06-28T13:45:43.635Z] GET /api/auth/login - 0ms
[2025-06-28T13:45:57.491Z] POST /api/auth/login - 0ms
[2025-06-28T13:56:12.470Z] GET /api/auth/logout - 0ms
[2025-06-28T13:56:30.153Z] GET /api/auth/logout - 0ms
[2025-06-28T13:56:51.708Z] GET /api/auth/logout - 0ms
[2025-06-28T13:57:08.323Z] GET /api/auth/logout - 0ms
[2025-06-28T14:04:49.715Z] GET /api/auth/logout - 1ms
[2025-06-28T14:05:57.804Z] GET /api/auth/logout - 0ms
[2025-06-28T14:06:22.473Z] GET /api/auth/logout - 2ms
[2025-06-28T14:06:42.333Z] GET /api/auth/logout - 0ms
[2025-06-28T14:07:23.259Z] GET /api/auth/logout - 0ms
[2025-06-28T14:11:21.635Z] GET /api/auth/logout - 0ms
[2025-06-28T14:12:07.225Z] GET /api/auth/logout - 0ms
[2025-06-28T14:12:48.934Z] GET /api/auth/logout - 0ms
[2025-06-28T14:19:52.159Z] GET /api/auth/logout - 0ms
[2025-06-28T14:20:18.526Z] POST /api/auth/login - 0ms
[2025-06-28T14:20:50.672Z] GET /api/auth/logout - 0ms
[2025-06-30T03:18:44.319Z] GET /api/auth/refresh - 0ms
[2025-06-30T03:19:52.117Z] GET /api/auth/refresh - 0ms
[2025-06-30T03:20:16.900Z] GET /api/auth/refresh - 0ms
[2025-06-30T03:20:41.031Z] POST /api/auth/login - 0ms
[2025-06-30T03:23:50.908Z] GET /api/auth/register - 1ms
[2025-06-30T03:24:16.061Z] POST /api/auth/register - 0ms
[2025-06-30T03:24:26.091Z] POST /api/auth/register - 0ms
[2025-06-30T03:25:03.978Z] POST /api/auth/register - 0ms
[2025-06-30T03:25:38.517Z] POST /api/auth/register - 0ms
[2025-06-30T03:26:35.627Z] POST /api/auth/register - 0ms
[2025-06-30T03:28:48.881Z] POST /api/auth/register - 0ms
[2025-06-30T03:29:20.357Z] POST /api/auth/login - 0ms
[2025-06-30T03:29:49.825Z] GET /api/auth/refresh - 0ms
[2025-06-30T03:29:53.225Z] GET /api/auth/refresh - 0ms
[2025-06-30T03:30:54.036Z] GET /api/auth/refresh - 0ms
[2025-06-30T03:31:37.098Z] GET /api/auth/refresh - 0ms
[2025-06-30T03:31:58.704Z] GET /api/auth/refresh - 0ms
[2025-06-30T03:32:04.693Z] GET /api/auth/refresh - 0ms
[2025-06-30T03:33:04.706Z] POST /api/auth/login - 0ms
[2025-06-30T03:33:05.888Z] POST /api/auth/login - 0ms
[2025-06-30T03:33:14.449Z] GET /api/auth/refresh - 0ms
[2025-06-30T03:34:40.653Z] GET /api/auth/refresh - 0ms
[2025-06-30T03:34:53.653Z] GET /api/auth/refresh - 0ms
[2025-06-30T03:35:18.235Z] GET /api/auth/refresh - 0ms
[2025-06-30T03:37:31.071Z] GET /api/auth/refresh - 0ms
[2025-06-30T03:37:57.711Z] GET /api/auth/refresh - 0ms
[2025-06-30T03:42:33.524Z] GET /api/auth/refresh - 0ms
[2025-06-30T03:42:53.666Z] GET /api/auth/refresh - 0ms
[2025-06-30T03:50:18.058Z] GET /api/auth/refresh - 0ms
[2025-06-30T03:51:08.833Z] GET /api/auth/refresh - 0ms
[2025-06-30T03:51:35.273Z] GET /api/auth/refresh - 0ms
[2025-06-30T03:51:51.033Z] GET /api/auth/refresh - 0ms
[2025-06-30T03:57:17.527Z] GET /api/auth/refresh - 0ms
[2025-06-30T03:57:43.047Z] GET /api/auth/refresh - 0ms
[2025-06-30T03:57:50.769Z] GET /api/auth/refresh - 0ms
[2025-06-30T03:58:03.246Z] GET /api/auth/refresh - 0ms
[2025-06-30T03:58:19.903Z] GET /api/auth/refresh - 0ms
[2025-06-30T03:58:47.945Z] GET /api/auth/refresh - 0ms
[2025-06-30T03:58:50.195Z] GET /api/auth/refresh - 0ms
[2025-06-30T03:58:57.357Z] GET /api/auth/refresh - 0ms
[2025-06-30T03:59:00.993Z] GET /api/auth/refresh - 0ms
[2025-06-30T04:05:28.731Z] POST /api/auth/register - 0ms
[2025-06-30T04:05:57.169Z] GET /api/auth/refresh - 0ms
[2025-06-30T04:09:56.843Z] POST /api/auth/login - 0ms
